TN:
SF:src/index.js
FN:8,newFunction
FN:14,multiply
FN:23,main
FNF:3
FNH:2
FNDA:3,newFunction
FNDA:0,multiply
FNDA:2,main
DA:2,1
DA:3,1
DA:9,3
DA:10,3
DA:11,3
DA:15,0
DA:16,0
DA:17,0
DA:24,2
DA:25,2
DA:27,2
DA:28,2
DA:30,2
DA:32,2
DA:33,2
DA:36,1
DA:38,1
LF:17
LH:14
BRF:0
BRH:0
end_of_record
TN:
SF:src/services.js
FN:9,addItem
FN:21,getItem
FN:22,(anonymous_2)
FNF:3
FNH:3
FNDA:4,addItem
FNDA:3,getItem
FNDA:6,(anonymous_2)
DA:1,1
DA:10,4
DA:11,4
DA:12,4
DA:22,6
DA:25,1
LF:6
LH:6
BRF:0
BRH:0
end_of_record
TN:
SF:src/utils.js
FN:7,formatDate
FNF:1
FNH:1
FNDA:3,formatDate
DA:8,3
DA:9,3
DA:10,3
DA:11,3
DA:14,1
LF:5
LH:5
BRF:0
BRH:0
end_of_record
