TN:
SF:src/index.js
FN:8,newFunction
FN:17,main
FNF:2
FNH:2
FNDA:1,newFunction
FNDA:2,main
DA:2,1
DA:3,1
DA:9,1
DA:10,1
DA:11,1
DA:18,2
DA:19,2
DA:21,2
DA:22,2
DA:24,2
DA:25,2
DA:26,0
DA:27,0
DA:31,1
DA:33,1
LF:15
LH:13
BRDA:25,0,0,0
BRDA:25,0,1,2
BRF:2
BRH:1
end_of_record
TN:
SF:src/services.js
FN:9,addItem
FN:21,getItem
FN:22,(anonymous_2)
FNF:3
FNH:3
FNDA:4,addItem
FNDA:3,getItem
FNDA:6,(anonymous_2)
DA:1,1
DA:10,4
DA:11,4
DA:12,4
DA:22,6
DA:25,1
LF:6
LH:6
BRF:0
BRH:0
end_of_record
TN:
SF:src/utils.js
FN:7,formatDate
FNF:1
FNH:1
FNDA:3,formatDate
DA:8,3
DA:9,3
DA:10,3
DA:11,3
DA:14,1
LF:5
LH:5
BRF:0
BRH:0
end_of_record
